
----------------------------------------
Adding sentinel breaks at the ends of contigs.

----------------------------------------
Adding breaks at confused reads.

----------------------------------------
Finding contig-end to contig-middle intersections.

createUnitigs()-- tig 1 len 537 first read 177 with 1 placements - last read 345 with 1 placements
createUnitigs()-- read    177 place   0 edgeTo tig     1 reads #    1       345-      457 verified         1-      520 position         0-      520 covered       1-    520 SELF EXPECTED_5'
createUnitigs()-- read    345 place   0 edgeTo tig     1 reads #    0       177-      457 verified         1-      534 position         0-      537 covered       0-    530 SELF EXPECTED_3'

Histogram of number of placements per contig end:
numPlacements  numEnds
            0        2

----------------------------------------
Found 2 breakpoints (including duplicates).
      2 from sentinels.
      0 from confused edges.
      0 from intersections.

Splitting contigs into unitigs.



splitTig()-- processing tig 1
createUnitigs()-- contig 1 copied into unitig 1.
createUnitigs()-- piece   0 -> tig 1 from contig 1 0-537
unitig 1 with 15 reads, 2 backbone and 13 unplaced.

----------------------------------------
Generating graph
