
Configuring for:
  hash table:       85312000 bases.
  read stream:    1000000000 bases.


       Raw          Raw  Corrected    Corrected    Trimmed      Trimmed
     Reads        Bases      Reads        Bases      Reads        Bases
---------- ------------ ---------- ------------ ---------- ------------
        13         7003          0            0          0            0
        26        14059          1          509          1          509
        39        21189          2         1037          2         1037
        52        28241          4         2052          4         2052
        65        35273          4         2052          4         2052
        78        42362          5         2539          5         2539
        91        49392         10         5115         10         5115
       104        56475         10         5115         10         5115
       117        63528         12         6164         12         6162
       130        70749         14         7183         14         7180
       143        77820         14         7183         14         7180
       156        84947         17         8707         17         8703
       169        92031         18         9217         18         9213
       182        99133         19         9737         19         9733
       195       106214         21        10751         21        10747
       208       113414         21        10751         21        10747
       221       120561         22        11277         22        11273
       234       127573         23        11780         23        11776
       247       134719         24        12327         24        12323
       260       141910         25        12841         25        12817
       273       149051         27        13885         27        13861
       286       155989         27        13885         27        13861
       299       163041         30        15457         30        15433
       312       170195         31        15999         31        15975
       325       177263         34        17571         34        17523
       338       184262         34        17571         34        17523
       351       191339         36        18625         36        18576
       364       198495         40        20678         40        20629
       377       205607         42        21749         42        21700
       390       212772         44        22765         44        22716
       403       219900         44        22765         44        22716
       416       227035         44        22765         44        22716
       429       234179         44        22765         44        22716
       442       241193         44        22765         44        22716
       455       248263         45        23284         45        23235
       468       255339         47        24317         47        24268
       481       262430         48        24834         48        24785
---------- ------------ ---------- ------------ ---------- ------------
       484       264087         48        24834         48        24785

  Job       Hash Range        # Reads      # Bases      Stream Range        # Reads      # Bases
----- --------------------- --------- ------------  --------------------- --------- ------------
    1          1-484               48        24833           1-484               48        24833
