Running job 1 based on command line options.

Running block 000001 in query 000001

Running with these settings:
--filter-threshold = 5.06177310018028E-4
--help = false
--max-shift = 0.2
--min-olap-length = 300
--min-store-length = 0
--no-rc = false
--no-self = false
--no-tf = false
--num-hashes = 512
--num-min-matches = 3
--num-threads = 8
--ordered-kmer-size = 12
--ordered-sketch-size = 1536
--repeat-idf-scale = 10.0
--repeat-weight = 0.9
--settings = 0
--store-full-id = true
--supress-noise = 0
--threshold = 0.83
--version = false
-f = 
-h = false
-k = 16
-p = 
-q = queries/000001
-s = ./blocks/000001.dat

Processing files for storage in reverse index...
Stored 968 sequences in the index.
Processed 968 unique sequences (fwd and rev).
Time (s) to read and hash from file: 0.2318823
Time (s) to score and output to self: 1.8628509000000002
Total scoring time (s): 1.8635445000000002
Total time (s): 2.0955131000000002
MinHash search time (s): 0.7868803000000001
Total matches found: 123254
Average number of matches per lookup: 254.65702479338842
Average number of table elements processed per lookup: 22184.756198347106
Average number of table elements processed per match: 87.11621529524396
Average % of hashed sequences hit per lookup: 55.005634861006754
Average % of hashed sequences hit that are matches: 47.82699799773387
Average % of hashed sequences fully compared that are matches: 98.4543370423919
