Running job 1 based on command line options.
Dumping reads from 1 to 484 (inclusive).

Starting mhap precompute.

Running with these settings:
--filter-threshold = 5.06177310018028E-4
--help = false
--max-shift = 0.2
--min-olap-length = 300
--min-store-length = 0
--no-rc = false
--no-self = false
--no-tf = false
--num-hashes = 512
--num-min-matches = 3
--num-threads = 8
--ordered-kmer-size = 12
--ordered-sketch-size = 1536
--repeat-idf-scale = 10.0
--repeat-weight = 0.9
--settings = 0
--store-full-id = true
--supress-noise = 0
--threshold = 0.83
--version = false
-f = ../../0-mercounts/ighv1.ms16.frequentMers.ignore.gz
-h = false
-k = 16
-p = ./000001.input.fasta
-q = .
-s = 

Reading in filter file ../../0-mercounts/ighv1.ms16.frequentMers.ignore.gz.
Read in values for repeat 72 and 0
Warning, k-mer filter file has zero elements.
Initializing
Trying size 72 and it was successfull
Initialized
Time (s) to read filter file: 0.08974
Read in k-mer filter for sizes: [16]
Processing FASTA files for binary compression...
Processed 968 sequences (fwd and rev).
Read, hashed, and stored file ./000001.input.fasta to ./000001.input.dat.
Time (s): 0.8969117000000001
Total time (s): 0.8970521
