id	initL	initR	finalL	finalR	message (DEL=deleted NOC=no change MOD=modified)
1	0	0	0	0	NOV
2	0	0	0	0	NOV
3	0	0	0	0	NOV
4	0	0	0	0	NOV
5	0	0	0	0	NOV
6	0	0	0	0	NOV
7	0	0	0	0	NOV
8	0	0	0	0	NOV
9	0	0	0	0	NOV
10	0	0	0	0	NOV
11	0	0	0	0	NOV
12	0	0	0	0	NOV
13	0	0	0	0	NOV
14	0	0	0	0	NOV
15	0	0	0	0	NOV
16	0	0	0	0	NOV
17	0	0	0	0	NOV
18	0	0	0	0	NOV
19	0	0	0	0	NOV
20	0	0	0	0	NOV
21	0	0	0	0	NOV
22	0	0	0	0	NOV
23	0	509	0	509	NOC	skipped 0 overlaps; used 47 overlaps
24	0	0	0	0	NOV
25	0	0	0	0	NOV
26	0	0	0	0	NOV
27	0	0	0	0	NOV
28	0	0	0	0	NOV
29	0	0	0	0	NOV
30	0	0	0	0	NOV
31	0	528	0	528	NOC	skipped 0 overlaps; used 47 overlaps
32	0	0	0	0	NOV
33	0	0	0	0	NOV
34	0	0	0	0	NOV
35	0	0	0	0	NOV
36	0	0	0	0	NOV
37	0	0	0	0	NOV
38	0	0	0	0	NOV
39	0	0	0	0	NOV
40	0	0	0	0	NOV
41	0	0	0	0	NOV
42	0	0	0	0	NOV
43	0	0	0	0	NOV
44	0	0	0	0	NOV
45	0	0	0	0	NOV
46	0	0	0	0	NOV
47	0	0	0	0	NOV
48	0	0	0	0	NOV
49	0	0	0	0	NOV
50	0	0	0	0	NOV
51	0	515	0	515	NOC	skipped 0 overlaps; used 47 overlaps
52	0	500	0	500	NOC	skipped 0 overlaps; used 47 overlaps
53	0	0	0	0	NOV
54	0	0	0	0	NOV
55	0	0	0	0	NOV
56	0	0	0	0	NOV
57	0	0	0	0	NOV
58	0	0	0	0	NOV
59	0	0	0	0	NOV
60	0	0	0	0	NOV
61	0	0	0	0	NOV
62	0	0	0	0	NOV
63	0	0	0	0	NOV
64	0	0	0	0	NOV
65	0	0	0	0	NOV
66	0	0	0	0	NOV
67	0	0	0	0	NOV
68	0	0	0	0	NOV
69	0	0	0	0	NOV
70	0	0	0	0	NOV
71	0	0	0	0	NOV
72	0	0	0	0	NOV
73	0	0	0	0	NOV
74	0	487	0	487	NOC	skipped 0 overlaps; used 47 overlaps
75	0	0	0	0	NOV
76	0	0	0	0	NOV
77	0	0	0	0	NOV
78	0	0	0	0	NOV
79	0	0	0	0	NOV
80	0	0	0	0	NOV
81	0	0	0	0	NOV
82	0	517	0	517	NOC	skipped 0 overlaps; used 47 overlaps
83	0	510	0	510	NOC	skipped 0 overlaps; used 47 overlaps
84	0	0	0	0	NOV
85	0	0	0	0	NOV
86	0	510	0	510	NOC	skipped 0 overlaps; used 47 overlaps
87	0	0	0	0	NOV
88	0	509	0	509	NOC	skipped 0 overlaps; used 47 overlaps
89	0	0	0	0	NOV
90	0	530	0	530	NOC	skipped 0 overlaps; used 47 overlaps
91	0	0	0	0	NOV
92	0	0	0	0	NOV
93	0	0	0	0	NOV
94	0	0	0	0	NOV
95	0	0	0	0	NOV
96	0	0	0	0	NOV
97	0	0	0	0	NOV
98	0	0	0	0	NOV
99	0	0	0	0	NOV
100	0	0	0	0	NOV
101	0	0	0	0	NOV
102	0	0	0	0	NOV
103	0	0	0	0	NOV
104	0	0	0	0	NOV
105	0	0	0	0	NOV
106	0	0	0	0	NOV
107	0	0	0	0	NOV
108	0	0	0	0	NOV
109	0	518	1	517	MOD	skipped 0 overlaps; used 47 overlaps
110	0	531	0	531	NOC	skipped 0 overlaps; used 47 overlaps
111	0	0	0	0	NOV
112	0	0	0	0	NOV
113	0	0	0	0	NOV
114	0	0	0	0	NOV
115	0	0	0	0	NOV
116	0	0	0	0	NOV
117	0	0	0	0	NOV
118	0	498	0	498	NOC	skipped 0 overlaps; used 47 overlaps
119	0	521	0	520	MOD	skipped 0 overlaps; used 47 overlaps
120	0	0	0	0	NOV
121	0	0	0	0	NOV
122	0	0	0	0	NOV
123	0	0	0	0	NOV
124	0	0	0	0	NOV
125	0	0	0	0	NOV
126	0	0	0	0	NOV
127	0	0	0	0	NOV
128	0	0	0	0	NOV
129	0	0	0	0	NOV
130	0	0	0	0	NOV
131	0	0	0	0	NOV
132	0	0	0	0	NOV
133	0	0	0	0	NOV
134	0	0	0	0	NOV
135	0	0	0	0	NOV
136	0	0	0	0	NOV
137	0	0	0	0	NOV
138	0	0	0	0	NOV
139	0	0	0	0	NOV
140	0	0	0	0	NOV
141	0	0	0	0	NOV
142	0	0	0	0	NOV
143	0	0	0	0	NOV
144	0	0	0	0	NOV
145	0	0	0	0	NOV
146	0	0	0	0	NOV
147	0	0	0	0	NOV
148	0	0	0	0	NOV
149	0	0	0	0	NOV
150	0	510	0	510	NOC	skipped 0 overlaps; used 47 overlaps
151	0	532	0	531	MOD	skipped 0 overlaps; used 47 overlaps
152	0	0	0	0	NOV
153	0	0	0	0	NOV
154	0	0	0	0	NOV
155	0	0	0	0	NOV
156	0	482	0	482	NOC	skipped 0 overlaps; used 47 overlaps
157	0	0	0	0	NOV
158	0	0	0	0	NOV
159	0	0	0	0	NOV
160	0	0	0	0	NOV
161	0	0	0	0	NOV
162	0	510	0	510	NOC	skipped 0 overlaps; used 47 overlaps
163	0	0	0	0	NOV
164	0	0	0	0	NOV
165	0	0	0	0	NOV
166	0	0	0	0	NOV
167	0	0	0	0	NOV
168	0	0	0	0	NOV
169	0	0	0	0	NOV
170	0	0	0	0	NOV
171	0	0	0	0	NOV
172	0	0	0	0	NOV
173	0	0	0	0	NOV
174	0	0	0	0	NOV
175	0	0	0	0	NOV
176	0	0	0	0	NOV
177	0	520	0	520	NOC	skipped 0 overlaps; used 47 overlaps
178	0	0	0	0	NOV
179	0	0	0	0	NOV
180	0	0	0	0	NOV
181	0	0	0	0	NOV
182	0	0	0	0	NOV
183	0	0	0	0	NOV
184	0	502	0	502	NOC	skipped 0 overlaps; used 47 overlaps
185	0	0	0	0	NOV
186	0	0	0	0	NOV
187	0	0	0	0	NOV
188	0	512	0	512	NOC	skipped 0 overlaps; used 47 overlaps
189	0	0	0	0	NOV
190	0	0	0	0	NOV
191	0	0	0	0	NOV
192	0	0	0	0	NOV
193	0	0	0	0	NOV
194	0	0	0	0	NOV
195	0	0	0	0	NOV
196	0	0	0	0	NOV
197	0	0	0	0	NOV
198	0	0	0	0	NOV
199	0	0	0	0	NOV
200	0	0	0	0	NOV
201	0	0	0	0	NOV
202	0	0	0	0	NOV
203	0	0	0	0	NOV
204	0	0	0	0	NOV
205	0	0	0	0	NOV
206	0	0	0	0	NOV
207	0	0	0	0	NOV
208	0	0	0	0	NOV
209	0	0	0	0	NOV
210	0	0	0	0	NOV
211	0	0	0	0	NOV
212	0	0	0	0	NOV
213	0	0	0	0	NOV
214	0	0	0	0	NOV
215	0	526	0	526	NOC	skipped 0 overlaps; used 47 overlaps
216	0	0	0	0	NOV
217	0	0	0	0	NOV
218	0	0	0	0	NOV
219	0	0	0	0	NOV
220	0	0	0	0	NOV
221	0	0	0	0	NOV
222	0	0	0	0	NOV
223	0	0	0	0	NOV
224	0	0	0	0	NOV
225	0	0	0	0	NOV
226	0	0	0	0	NOV
227	0	0	0	0	NOV
228	0	503	0	503	NOC	skipped 0 overlaps; used 47 overlaps
229	0	0	0	0	NOV
230	0	0	0	0	NOV
231	0	0	0	0	NOV
232	0	0	0	0	NOV
233	0	0	0	0	NOV
234	0	0	0	0	NOV
235	0	0	0	0	NOV
236	0	0	0	0	NOV
237	0	0	0	0	NOV
238	0	547	0	547	NOC	skipped 0 overlaps; used 47 overlaps
239	0	0	0	0	NOV
240	0	0	0	0	NOV
241	0	0	0	0	NOV
242	0	0	0	0	NOV
243	0	0	0	0	NOV
244	0	0	0	0	NOV
245	0	0	0	0	NOV
246	0	0	0	0	NOV
247	0	0	0	0	NOV
248	0	0	0	0	NOV
249	0	0	0	0	NOV
250	0	514	20	514	MOD	skipped 0 overlaps; used 47 overlaps
251	0	0	0	0	NOV
252	0	0	0	0	NOV
253	0	0	0	0	NOV
254	0	0	0	0	NOV
255	0	0	0	0	NOV
256	0	0	0	0	NOV
257	0	0	0	0	NOV
258	0	0	0	0	NOV
259	0	0	0	0	NOV
260	0	0	0	0	NOV
261	0	0	0	0	NOV
262	0	0	0	0	NOV
263	0	0	0	0	NOV
264	0	0	0	0	NOV
265	0	0	0	0	NOV
266	0	512	0	512	NOC	skipped 0 overlaps; used 47 overlaps
267	0	0	0	0	NOV
268	0	0	0	0	NOV
269	0	0	0	0	NOV
270	0	532	0	532	NOC	skipped 0 overlaps; used 47 overlaps
271	0	0	0	0	NOV
272	0	0	0	0	NOV
273	0	0	0	0	NOV
274	0	0	0	0	NOV
275	0	0	0	0	NOV
276	0	0	0	0	NOV
277	0	0	0	0	NOV
278	0	0	0	0	NOV
279	0	0	0	0	NOV
280	0	0	0	0	NOV
281	0	0	0	0	NOV
282	0	0	0	0	NOV
283	0	0	0	0	NOV
284	0	0	0	0	NOV
285	0	0	0	0	NOV
286	0	0	0	0	NOV
287	0	0	0	0	NOV
288	0	525	0	525	NOC	skipped 0 overlaps; used 47 overlaps
289	0	0	0	0	NOV
290	0	0	0	0	NOV
291	0	0	0	0	NOV
292	0	518	0	518	NOC	skipped 0 overlaps; used 47 overlaps
293	0	0	0	0	NOV
294	0	0	0	0	NOV
295	0	0	0	0	NOV
296	0	0	0	0	NOV
297	0	0	0	0	NOV
298	0	529	0	529	NOC	skipped 0 overlaps; used 47 overlaps
299	0	0	0	0	NOV
300	0	0	0	0	NOV
301	0	0	0	0	NOV
302	0	0	0	0	NOV
303	0	0	0	0	NOV
304	0	0	0	0	NOV
305	0	0	0	0	NOV
306	0	0	0	0	NOV
307	0	0	0	0	NOV
308	0	0	0	0	NOV
309	0	0	0	0	NOV
310	0	542	0	542	NOC	skipped 0 overlaps; used 47 overlaps
311	0	0	0	0	NOV
312	0	0	0	0	NOV
313	0	0	0	0	NOV
314	0	0	0	0	NOV
315	0	0	0	0	NOV
316	0	512	0	505	MOD	skipped 0 overlaps; used 47 overlaps
317	0	0	0	0	NOV
318	0	0	0	0	NOV
319	0	562	3	548	MOD	skipped 0 overlaps; used 47 overlaps
320	0	0	0	0	NOV
321	0	0	0	0	NOV
322	0	0	0	0	NOV
323	0	0	0	0	NOV
324	0	498	0	498	NOC	skipped 0 overlaps; used 47 overlaps
325	0	0	0	0	NOV
326	0	0	0	0	NOV
327	0	0	0	0	NOV
328	0	0	0	0	NOV
329	0	0	0	0	NOV
330	0	0	0	0	NOV
331	0	0	0	0	NOV
332	0	0	0	0	NOV
333	0	0	0	0	NOV
334	0	0	0	0	NOV
335	0	0	0	0	NOV
336	0	0	0	0	NOV
337	0	0	0	0	NOV
338	0	0	0	0	NOV
339	0	0	0	0	NOV
340	0	0	0	0	NOV
341	0	0	0	0	NOV
342	0	0	0	0	NOV
343	0	0	0	0	NOV
344	0	0	0	0	NOV
345	0	534	1	534	MOD	skipped 0 overlaps; used 47 overlaps
346	0	0	0	0	NOV
347	0	0	0	0	NOV
348	0	0	0	0	NOV
349	0	0	0	0	NOV
350	0	0	0	0	NOV
351	0	520	0	520	NOC	skipped 0 overlaps; used 47 overlaps
352	0	0	0	0	NOV
353	0	0	0	0	NOV
354	0	0	0	0	NOV
355	0	510	0	510	NOC	skipped 0 overlaps; used 47 overlaps
356	0	0	0	0	NOV
357	0	0	0	0	NOV
358	0	0	0	0	NOV
359	0	0	0	0	NOV
360	0	511	0	511	NOC	skipped 0 overlaps; used 47 overlaps
361	0	0	0	0	NOV
362	0	0	0	0	NOV
363	0	507	0	507	NOC	skipped 0 overlaps; used 47 overlaps
364	0	525	0	525	NOC	skipped 0 overlaps; used 47 overlaps
365	0	0	0	0	NOV
366	0	0	0	0	NOV
367	0	0	0	0	NOV
368	0	0	0	0	NOV
369	0	529	0	529	NOC	skipped 0 overlaps; used 47 overlaps
370	0	0	0	0	NOV
371	0	0	0	0	NOV
372	0	0	0	0	NOV
373	0	542	0	542	NOC	skipped 0 overlaps; used 47 overlaps
374	0	0	0	0	NOV
375	0	0	0	0	NOV
376	0	0	0	0	NOV
377	0	0	0	0	NOV
378	0	0	0	0	NOV
379	0	0	0	0	NOV
380	0	0	0	0	NOV
381	0	515	0	515	NOC	skipped 0 overlaps; used 47 overlaps
382	0	0	0	0	NOV
383	0	0	0	0	NOV
384	0	0	0	0	NOV
385	0	0	0	0	NOV
386	0	0	0	0	NOV
387	0	0	0	0	NOV
388	0	0	0	0	NOV
389	0	0	0	0	NOV
390	0	501	0	501	NOC	skipped 0 overlaps; used 47 overlaps
391	0	0	0	0	NOV
392	0	0	0	0	NOV
393	0	0	0	0	NOV
394	0	0	0	0	NOV
395	0	0	0	0	NOV
396	0	0	0	0	NOV
397	0	0	0	0	NOV
398	0	0	0	0	NOV
399	0	0	0	0	NOV
400	0	0	0	0	NOV
401	0	0	0	0	NOV
402	0	0	0	0	NOV
403	0	0	0	0	NOV
404	0	0	0	0	NOV
405	0	0	0	0	NOV
406	0	0	0	0	NOV
407	0	0	0	0	NOV
408	0	0	0	0	NOV
409	0	0	0	0	NOV
410	0	0	0	0	NOV
411	0	0	0	0	NOV
412	0	0	0	0	NOV
413	0	0	0	0	NOV
414	0	0	0	0	NOV
415	0	0	0	0	NOV
416	0	0	0	0	NOV
417	0	0	0	0	NOV
418	0	0	0	0	NOV
419	0	0	0	0	NOV
420	0	0	0	0	NOV
421	0	0	0	0	NOV
422	0	0	0	0	NOV
423	0	0	0	0	NOV
424	0	0	0	0	NOV
425	0	0	0	0	NOV
426	0	0	0	0	NOV
427	0	0	0	0	NOV
428	0	0	0	0	NOV
429	0	0	0	0	NOV
430	0	0	0	0	NOV
431	0	0	0	0	NOV
432	0	0	0	0	NOV
433	0	0	0	0	NOV
434	0	0	0	0	NOV
435	0	0	0	0	NOV
436	0	0	0	0	NOV
437	0	0	0	0	NOV
438	0	0	0	0	NOV
439	0	0	0	0	NOV
440	0	0	0	0	NOV
441	0	0	0	0	NOV
442	0	0	0	0	NOV
443	0	0	0	0	NOV
444	0	0	0	0	NOV
445	0	0	0	0	NOV
446	0	0	0	0	NOV
447	0	0	0	0	NOV
448	0	0	0	0	NOV
449	0	0	0	0	NOV
450	0	0	0	0	NOV
451	0	0	0	0	NOV
452	0	519	0	519	NOC	skipped 0 overlaps; used 47 overlaps
453	0	0	0	0	NOV
454	0	0	0	0	NOV
455	0	0	0	0	NOV
456	0	0	0	0	NOV
457	0	502	0	502	NOC	skipped 0 overlaps; used 47 overlaps
458	0	0	0	0	NOV
459	0	0	0	0	NOV
460	0	531	0	531	NOC	skipped 0 overlaps; used 47 overlaps
461	0	0	0	0	NOV
462	0	0	0	0	NOV
463	0	0	0	0	NOV
464	0	0	0	0	NOV
465	0	0	0	0	NOV
466	0	0	0	0	NOV
467	0	0	0	0	NOV
468	0	0	0	0	NOV
469	0	0	0	0	NOV
470	0	0	0	0	NOV
471	0	0	0	0	NOV
472	0	0	0	0	NOV
473	0	0	0	0	NOV
474	0	0	0	0	NOV
475	0	0	0	0	NOV
476	0	0	0	0	NOV
477	0	0	0	0	NOV
478	0	0	0	0	NOV
479	0	0	0	0	NOV
480	0	517	0	517	NOC	skipped 0 overlaps; used 47 overlaps
481	0	0	0	0	NOV
482	0	0	0	0	NOV
483	0	0	0	0	NOV
484	0	0	0	0	NOV
