
Configuring for:
  hash table:       85312000 bases.
  read stream:    1000000000 bases.


       Raw          Raw  Corrected    Corrected    Trimmed      Trimmed
     Reads        Bases      Reads        Bases      Reads        Bases
---------- ------------ ---------- ------------ ---------- ------------
        13         7003          0            0          0            0
        26        14059          1          509          0            0
        39        21189          2         1037          0            0
        52        28241          4         2052          0            0
        65        35273          4         2052          0            0
        78        42362          5         2539          0            0
        91        49392         10         5115          0            0
       104        56475         10         5115          0            0
       117        63528         12         6164          0            0
       130        70749         14         7183          0            0
       143        77820         14         7183          0            0
       156        84947         17         8707          0            0
       169        92031         18         9217          0            0
       182        99133         19         9737          0            0
       195       106214         21        10751          0            0
       208       113414         21        10751          0            0
       221       120561         22        11277          0            0
       234       127573         23        11780          0            0
       247       134719         24        12327          0            0
       260       141910         25        12841          0            0
       273       149051         27        13885          0            0
       286       155989         27        13885          0            0
       299       163041         30        15457          0            0
       312       170195         31        15999          0            0
       325       177263         34        17571          0            0
       338       184262         34        17571          0            0
       351       191339         36        18625          0            0
       364       198495         40        20678          0            0
       377       205607         42        21749          0            0
       390       212772         44        22765          0            0
       403       219900         44        22765          0            0
       416       227035         44        22765          0            0
       429       234179         44        22765          0            0
       442       241193         44        22765          0            0
       455       248263         45        23284          0            0
       468       255339         47        24317          0            0
       481       262430         48        24834          0            0
---------- ------------ ---------- ------------ ---------- ------------
       484       264087         48        24834          0            0

  Job       Hash Range        # Reads      # Bases      Stream Range        # Reads      # Bases
----- --------------------- --------- ------------  --------------------- --------- ------------
    1          1-484               48        24882           1-484               48        24882
