Running job 1 based on command line options.
Initializing.
Opening gkpStore '../ighv1.gkpStore'.
Correcting reads 1 to 484.
Reading 494 corrections from './red.red'.
Correcting 25269 bases with 7 indel adjustments.
--Allocate 0 + 0 + 0 MB for bases, adjusts and reads.
Corrected 25262 bases with 3 substitutions, 7 deletions and 0 insertions.
Loading overlaps.
Read_Olaps()--  Loading 2256 overlaps from '../ighv1.ovlStore' for reads 1 to 484
--Allocate 0 MB for overlaps.
Read_Olaps()--  Loaded 2256 overlaps -- 2162 normal and 94 innie.
Sorting overlaps.
Recomputing overlaps.
--Allocate 8 MB for fseq and rseq.
--Allocate 32 MB for fadj and radj.
--Allocate 16 MB for pedWorkArea_t.
-- Allocate 2 MB for Edit_Array pointers.
Recomputing overlaps -        23 -        23 -       480--Allocate 16 MB for edit array work space 0 (positions 0-4092)

--  Release bases, adjusts and reads.
Olaps Fwd 2162
Olaps Rev 94
Total:  2256
Failed: 0 (both)
Failed: 0 (either)
Failed: 0 (match to end)
Failed: 0 (negative length)
rhaFail 0 rhaPass 991
Sorting overlaps.
Saving corrected error rates to file ./00001.oea.WORKING
--Allocate 0 MB for output error rates.

Bye.
