23	509	contained-repeat
31	528	contained-repeat
51	515	contained-repeat
52	500	contained-repeat
74	487	contained-repeat
82	517	contained-repeat
83	510	contained-repeat
86	510	contained-repeat
88	509	contained-repeat
90	530	uniq-repeat-cont
109	516	uniq-repeat-cont
110	531	contained-repeat
118	498	contained-repeat
119	520	contained-repeat
150	510	contained-repeat
151	531	uniq-repeat-cont
156	482	contained-repeat
162	510	contained-repeat
177	520	uniq-repeat-cont
184	502	contained-repeat
188	512	contained-repeat
215	526	contained-repeat
228	503	contained-repeat
238	547	no-3-prime
250	494	contained-repeat
266	512	uniq-repeat-cont
270	532	contained-repeat
288	525	contained-repeat
292	518	contained-repeat
298	529	contained-repeat
310	542	uniq-repeat-cont
316	505	contained-repeat
319	545	uniq-repeat-cont
324	498	contained-repeat
345	533	uniq-repeat-dove
351	520	contained-repeat
355	510	contained-repeat
360	511	contained-repeat
363	507	contained-repeat
364	525	uniq-repeat-cont
369	529	contained-repeat
373	542	uniq-repeat-cont
381	515	contained-repeat
390	501	contained-repeat
452	519	contained-repeat
457	502	contained-repeat
460	531	uniq-repeat-cont
480	517	contained-repeat
