readID          numOlaps    origLength    corrLength        memory  used
---------- ------------- ------------- ------------- ------------- -----
1                     62           558           547     529874606 e c -
2                     18           532           511     529221488 e c -
3                     36           532           531     529387052 e c -
4                     46           560           557     529752878 e c -
5                     40           541           530     529502000 e c -
6                     15           523           486     529109708 e - -
7                     84           548           537     529995230 e c -
8                     18           548           509     529361144 - - r
9                     58           545           541     529716050 e c -
10                     5           510           437     528906638 - - r
11                    64           562           531     529915568 e c -
12                     1           515             0     528918218 e - -
13                    52           529           528     529504376 e c -
14                    53           537           515     529585634 e c -
15                    44           566           538     529771580 e c -
16                    53           527           516     529492184 e c -
17                    61           532           517     529618442 e c -
18                    75           550           547     529911086 e c -
19                    42           526           499     529375784 e - -
20                    34           546           530     529498334 e c -
21                    83           542           524     529921232 e c -
22                    11           522           511     529069574 e c -
23                    85           531           520     529823108 e c -
24                    85           565           554     530180402 e c -
25                    65           562           547     529940966 e c -
26                    83           550           549     530017394 e c -
27                    19           529           515     529204478 - c -
28                    84           542           529     529919504 e c -
29                    84           562           553     530130470 e c -
30                    11           564           524     529449518 - c -
31                    83           552           540     530026184 e c -
32                    83           548           536     529983548 e c -
33                    27           534           520     529323014 e c -
34                    86           572           571     530251748 e c -
35                    60           550           541     529786130 e c -
36                    65           547           533     529798442 e c -
37                    84           535           524     529859516 e c -
38                    59           565           550     529915298 - c -
39                    12           530           471     529145198 e - -
40                    41           544           530     529532078 e c -
41                     8           560           498     529384922 - - r
42                    27           525           514     529235768 e c -
43                    83           559           558     530109716 e c -
44                    85           562           554     530144816 e c -
45                    16           514           502     529042874 - - r
46                    48           558           534     529731758 e c -
47                     1           518             0     528944534 e - -
48                    87           548           540     529995734 e c -
49                    67           541           527     529758284 e c -
50                    23           531           504     529257584 - - r
51                    83           543           527     529929020 e c -
52                    82           549           538     529974992 e c -
53                    77           537           518     529793840 e c -
54                    38           541           519     529492298 e c -
55                    47           530           516     529463384 e c -
56                    27           550           511     529467404 e c -
57                    26           532           520     529302740 e c -
58                    64           541           523     529723814 e c -
59                    14           525           497     529121000 - - r
60                    86           569           568     530215208 e c -
61                    83           537           523     529870646 e c -
62                    12           514           501     529008890 - - r
63                     5           550           470     529265066 - - r
64                    83           550           539     530011886 e c -
65                    30           556           544     529560266 e c -
66                    83           541           528     529917548 e c -
67                    64           560           544     529907984 - c -
68                    80           547           546     529946726 e c -
69                    63           546           521     529756760 e c -
70                    42           530           513     529416314 e c -
71                    50           515           501     529343594 e - -
72                    84           567           558     530182910 e c -
73                    56           564           536     529859720 e c -
74                    47           546           525     529610996 e c -
75                    49           535           524     529535588 e c -
76                    26           544           538     529409354 - c -
77                    44           534           519     529473710 e c -
78                    84           560           559     530121518 e c -
79                    35           535           522     529409894 e c -
80                    32           530           503     529322768 - - r
81                    83           537           523     529870502 e c -
82                    83           536           514     529854848 e c -
83                    83           543           532     529951520 e c -
84                    35           563           562     529674884 - c -
85                    18           525           508     529160168 e - -
86                    79           537           526     529826456 e c -
87                    68           519           510     529545008 e - -
88                    84           536           526     529863902 e c -
89                    73           553           543     529927790 e c -
90                    85           578           570     530307440 e c -
91                    38           538           520     529459268 - c -
92                    37           534           525     529416326 e c -
93                    85           550           547     530018312 e c -
94                    85           565           564     530178278 e c -
95                     6           546           471     529238558 - - r
96                    49           555           541     529716062 e c -
97                    19           550           496     529391120 e - -
98                    73           544           524     529833776 e c -
99                    85           576           566     530288642 e c -
100                   37           520           509     529285802 e - -
101                   87           555           552     530072210 e c -
102                   38           529           518     529375280 e c -
103                   68           527           523     529631162 e c -
104                   23           532           512     529266218 - c -
105                   42           544           516     529542842 e c -
106                   58           565           564     529905884 e c -
107                   80           543           542     529894712 e c -
108                   84           567           565     530194394 e c -
109                   83           547           531     529974212 e c -
110                   84           559           543     530105684 e c -
111                   62           526           500     529550582 - - r
112                   14           547           493     529322126 e - -
113                   11           532           496     529159478 e - -
114                   60           536           523     529645436 e c -
115                    6           531           477     529106348 - - r
116                    9           531           488     529133366 e - -
117                   38           525           514     529346504 e c -
118                   63           544           533     529739636 e c -
119                   86           568           564     530204720 e c -
120                   74           551           519     529903628 e c -
121                   88           561           546     530135462 e c -
122                   34           536           515     529396928 e c -
123                   85           563           562     530159390 e c -
124                   82           561           558     530091578 e c -
125                   83           564           563     530162876 e c -
126                   84           582           577     530352452 e - -
127                   85           554           547     530057798 e c -
128                   85           556           551     530085254 e c -
129                   86           553           536     530049344 e c -
130                    8           528           473     529094720 e - -
131                   80           542           527     529878824 e c -
132                    2           537             0     529126166 - - -
133                   85           568           567     530209580 e c -
134                   51           549           538     529694822 e c -
135                    5           521           473     529007552 - - r
136                   23           548           533     529407296 e c -
137                    7           526           463     529069676 e - -
138                   28           556           523     529530116 e c -
139                   64           539           527     529696934 e c -
140                    6           533           472     529121348 - - r
141                   84           542           530     529937810 e c -
142                   84           576           575     530290208 e c -
143                   54           534           522     529570856 e c -
144                   84           539           530     529905140 e c -
145                   20           534           511     529261076 e c -
146                    9           540           494     529215356 - - r
147                   13           554           525     529378226 e c -
148                   78           567           566     530119298 e c -
149                   85           569           557     530217242 e c -
150                   87           564           546     530153840 e c -
151                   85           578           558     530288990 e c -
152                   81           529           518     529772882 e c -
153                   27           521           510     529206614 e - -
154                    6           532           477     529115180 - - r
155                   34           536           525     529410428 e c -
156                   61           564           548     529910840 e c -
157                   19           558           526     529465898 e c -
158                    9           547           482     529276406 e - -
159                   17           538           496     529266560 e - -
160                   10           571           494     529502540 - - r
161                   50           529           512     529486862 e c -
162                   56           546           516     529690628 e c -
163                   85           541           527     529928924 e c -
164                   55           547           529     529699190 e c -
165                   59           533           500     529576082 e - -
166                   85           537           536     529886018 e c -
167                    3           516             0     528943862 - - -
168                   86           553           535     530042558 e c -
169                   21           568           510     529573478 - - r
170                   83           567           566     530196176 e c -
171                    8           551           500     529303022 - - r
172                   42           543           527     529545548 e c -
173                    9           546           505     529269248 e - -
174                   17           527           496     529168850 e - -
175                   11           522           482     529067000 e - -
176                   83           551           539     530010980 e c -
177                   83           544           531     529942064 e c -
178                   57           535           524     529605716 e c -
179                   12           531           512     529163786 e c -
180                   86           556           546     530083310 e c -
181                   67           569           558     530036720 e c -
182                   44           560           540     529717094 e c -
183                   84           573           571     530260148 e c -
184                   68           537           518     529715936 - c -
185                   31           522           501     529246676 e - -
186                    3           527             0     529043750 - - -
187                   85           526           508     529754252 e - -
188                   87           545           513     529954406 e c -
189                   50           537           526     529561568 e c -
190                   64           562           542     529923092 e c -
191                   86           557           544     530093870 e c -
192                   84           559           558     530113262 e c -
193                   84           572           571     530246564 e c -
194                   41           533           518     529440290 e c -
195                   37           531           512     529378238 e c -
196                   84           567           566     530200694 e c -
197                   17           538           498     529268504 e - -
198                   84           564           563     530167214 e c -
199                    9           533           468     529148114 e - -
200                   85           563           562     530152712 e c -
201                   47           556           555     529707776 e c -
202                   43           545           529     529569116 e c -
203                   84           552           551     530039576 e c -
204                   84           557           556     530095310 e c -
205                   57           560           549     529848998 e c -
206                   56           566           552     529896248 e c -
207                   86           551           536     530018270 e c -
208                   70           548           547     529845974 e c -
209                   50           531           520     529515326 e c -
210                   58           543           532     529706270 e c -
211                   50           558           539     529760630 e c -
212                   85           570           556     530226074 e c -
213                   86           559           544     530102516 e c -
214                   84           556           555     530081978 e c -
215                   84           539           531     529898390 e c -
216                   26           546           537     529427954 - c -
217                    6           529           479     529087604 e - -
218                   14           551           523     529359974 e c -
219                   78           552           543     529961456 e c -
220                   57           548           528     529726598 e c -
221                   61           565           547     529929734 e c -
222                   84           573           571     530264108 e c -
223                   84           550           549     530021750 e c -
224                   27           541           519     529385036 e c -
225                   84           570           567     530227172 e c -
226                   24           521           507     529179866 e - -
227                   19           531           503     529222610 e - -
228                   75           552           537     529943708 e c -
229                   28           526           486     529247912 - - r
230                    3           547             0     529224278 e - -
231                   84           550           547     530022866 e c -
232                   17           511           483     529018376 - - r
233                    2           517             0     528946340 e - -
234                    7           523           485     529042244 e - -
235                   40           535           518     529444400 e c -
236                    6           520           477     529005974 - - r
237                   85           551           550     530030636 e c -
238                   86           564           557     530162462 e c -
239                   84           565           545     530149496 e c -
240                   84           534           523     529842242 e c -
241                   20           556           516     529460996 e c -
242                    7           533           496     529134812 e - -
243                   62           571           551     530002976 e c -
244                   80           530           513     529765802 e c -
245                   84           572           571     530253494 e c -
246                   86           580           571     530331746 e c -
247                   55           535           519     529591676 e c -
248                   84           541           530     529929734 e c -
249                   84           565           564     530178512 e c -
250                   68           547           529     529817810 e c -
251                   81           534           515     529817762 e c -
252                   84           566           557     530186552 e c -
253                   71           593           563     530291132 e c -
254                   43           513           502     529267484 e - -
255                   24           542           501     529364078 - - r
256                   74           580           567     530201534 e c -
257                   10           551           532     529326494 e c -
258                   44           546           535     529587542 e c -
259                   28           547           518     529447712 e c -
260                   83           566           557     530174564 e c -
261                   84           558           557     530098742 e c -
262                   43           536           525     529493570 e c -
263                   46           526           507     529415744 e - -
264                   66           537           526     529713794 e c -
265                   86           575           570     530283860 e c -
266                   82           547           535     529951100 e c -
267                   85           569           568     530222066 e c -
268                   84           565           564     530177738 e c -
269                    7           538           490     529179530 - - r
270                   84           544           533     529959038 e c -
271                   83           571           529     530186684 - c -
272                   26           529           510     529270484 e - -
273                   84           546           545     529979888 e c -
274                   75           536           535     529784882 e c -
275                   83           538           537     529895210 e c -
276                   85           560           559     530126522 e c -
277                   77           526           515     529697138 e c -
278                   35           536           510     529409600 e - -
279                   28           521           510     529214048 e - -
280                   44           527           502     529405532 e - -
281                   38           520           509     529294370 e - -
282                   82           532           519     529814318 e c -
283                   23           525           503     529197032 e - -
284                   85           543           542     529946282 e c -
285                   84           546           545     529974902 e c -
286                   45           528           517     529434938 e c -
287                    6           543           505     529214942 - - r
288                   84           534           523     529853330 e c -
289                    7           545           484     529238654 - - r
290                   48           547           533     529641608 e c -
291                   84           533           517     529829180 e c -
292                   86           542           531     529940276 e c -
293                   63           545           534     529764308 e c -
294                   61           545           534     529740260 e c -
295                   25           527           514     529240094 e c -
296                    7           544           460     529230542 - - r
297                   84           549           548     530006006 e c -
298                   84           540           529     529913342 e c -
299                   84           558           557     530105042 e c -
300                   80           571           570     530159198 e c -
301                   73           555           542     529935662 e c -
302                   28           535           498     529322126 e - -
303                   86           555           551     530073722 e c -
304                   26           531           516     529285448 e c -
305                   86           571           566     530242052 e c -
306                   85           559           545     530101652 e c -
307                   85           584           570     530355428 e c -
308                   26           509           498     529079732 e - -
309                   74           548           528     529883756 e c -
310                   84           565           545     530160908 e c -
311                   11           534           484     529176998 - - r
312                   25           537           524     529333202 e c -
313                   55           532           502     529543706 e - -
314                   71           544           543     529816298 e c -
315                   48           538           527     529555352 e c -
316                   77           548           526     529903664 e c -
317                   80           544           525     529907000 e c -
318                   86           559           544     530101940 e c -
319                   84           568           566     530211038 e c -
320                   25           508           494     529066940 e - -
321                   44           536           525     529506188 e c -
322                   13           510           491     528979520 e - -
323                   36           565           541     529684268 - c -
324                   61           544           520     529725614 e c -
325                   85           572           571     530251568 e c -
326                   45           561           526     529726178 - c -
327                   82           538           522     529876346 e c -
328                   83           525           509     529745672 e - -
329                   14           525           501     529122890 - - r
330                   40           517           493     529275362 e - -
331                   83           539           528     529902422 e c -
332                   51           547           536     529674170 e c -
333                   40           547           521     529562120 e c -
334                   73           521           510     529613180 e - -
335                   32           560           548     529603316 e c -
336                   49           549           531     529672430 e c -
337                   54           542           507     529626752 - - r
338                   43           528           514     529412708 e c -
339                   12           556           528     529389284 - c -
340                   15           530           518     529179434 e c -
341                   84           567           565     530196500 e c -
342                   13           531           485     529165298 e - -
343                   40           533           513     529428266 e c -
344                   83           541           528     529908314 e c -
345                   85           552           541     530043968 e c -
346                   41           563           552     529711100 - c -
347                   29           520           496     529204046 e - -
348                   84           557           552     530089406 e c -
349                   85           534           515     529848020 e c -
350                   29           543           507     529418090 - - r
351                   84           550           549     530015414 e c -
352                   85           559           538     530095532 e c -
353                   33           541           526     529436174 e c -
354                   59           536           525     529635554 e c -
355                   83           539           528     529891226 e c -
356                   84           565           564     530173076 e c -
357                   84           546           525     529942682 - c -
358                   83           577           574     530296574 e c -
359                   35           542           511     529466624 - - r
360                   86           552           541     530027732 e c -
361                   84           560           559     530120852 e c -
362                   83           535           522     529846934 e c -
363                   72           536           525     529737218 e c -
364                   85           568           557     530189834 e c -
365                   67           553           534     529862936 e c -
366                   83           562           561     530146040 e c -
367                   68           531           516     529669136 e c -
368                   85           550           538     530009726 e c -
369                   84           547           530     529983140 e c -
370                   12           531           494     529159538 - - r
371                   24           525           505     529212134 e - -
372                   83           561           560     530131520 e c -
373                   87           566           539     530173772 e c -
374                   40           563           518     529708598 - c -
375                   48           530           503     529468136 e - -
376                   72           551           533     529896122 e c -
377                   40           542           506     529501328 e - -
378                   69           535           521     529717424 e c -
379                   59           534           523     529613678 e c -
380                   82           529           510     529778858 e - -
381                   86           582           562     530340356 e c -
382                   77           552           547     529955120 e c -
383                   84           561           560     530129990 e c -
384                   84           558           555     530105366 e c -
385                   75           543           542     529852592 e c -
386                   84           567           562     530193332 e c -
387                   53           531           529     529522112 - c -
388                   76           534           511     529761404 e c -
389                   86           567           548     530178896 e c -
390                   87           572           551     530235872 e c -
391                   85           564           537     530147306 e c -
392                   60           538           525     529672154 e c -
393                   40           539           518     529481078 e c -
394                   57           539           528     529651808 e c -
395                   83           563           562     530155664 e c -
396                   57           534           518     529593860 e c -
397                   86           553           542     530055140 e c -
398                   85           547           536     529988630 e c -
399                   18           562           514     529491218 - c -
400                   52           532           508     529522862 e - -
401                   83           534           523     529852268 e c -
402                   86           562           561     530144240 e c -
403                   87           561           537     530115014 e c -
404                   85           567           566     530193620 e c -
405                   84           575           570     530278190 e c -
406                   42           520           503     529320146 - - r
407                   26           548           528     529445168 e c -
408                   84           567           565     530198840 e c -
409                    1           523             0     528990692 - - -
410                   47           531           512     529474178 e c -
411                    7           533           466     529129682 - - r
412                   47           554           525     529693064 e c -
413                   79           542           531     529882064 e c -
414                    4           570           466     529440788 - - r
415                   83           573           572     530256224 e c -
416                   78           532           514     529770704 e c -
417                   34           531           497     529352102 e - -
418                   84           567           562     530197778 e c -
419                   44           555           531     529680872 - c -
420                   84           551           540     530031500 e c -
421                   32           540           528     529424336 - c -
422                   59           542           526     529688420 e c -
423                   82           544           531     529939544 e c -
424                   51           534           516     529539284 e c -
425                   84           560           558     530125658 e c -
426                   83           562           551     530144798 e c -
427                   84           552           541     530040224 e c -
428                   65           537           513     529686686 e c -
429                   83           569           558     530175770 e c -
430                   78           517           494     529608002 e - -
431                   86           544           533     529960352 e c -
432                   40           536           525     529459424 e c -
433                   68           565           548     529995740 e c -
434                   54           549           528     529711076 e c -
435                   54           520           509     529435706 e - -
436                   24           540           529     529358204 e c -
437                   49           547           536     529660850 e c -
438                   84           530           507     529800848 e - -
439                   82           536           521     529852508 e c -
440                   83           563           552     530150930 e c -
441                    3           522             0     528996746 - - -
442                   59           545           526     529719650 e c -
443                   84           547           536     529971404 e c -
444                   72           534           514     529735016 e c -
445                   46           533           520     529491356 e c -
446                   54           538           509     529602242 e - -
447                   85           561           542     530116436 e c -
448                   83           558           547     530100920 e c -
449                   84           554           543     530062910 e c -
450                   54           549           538     529715810 e c -
451                   18           546           501     529345370 e - -
452                   83           534           523     529839308 e c -
453                   10           530           497     529129286 - - r
454                   37           527           508     529344224 e - -
455                   84           559           548     530111030 e c -
456                   62           534           522     529635170 e c -
457                   88           553           534     530031434 e c -
458                   43           539           525     529508726 e c -
459                   48           545           519     529616276 e c -
460                   85           545           527     529965134 e c -
461                   83           538           527     529862396 e c -
462                   36           548           527     529536554 e c -
463                   84           537           522     529882184 e c -
464                   25           527           487     529234154 - - r
465                   37           559           514     529631294 e c -
466                   86           562           551     530142674 e c -
467                   29           547           524     529464002 e c -
468                   48           542           524     529597808 e c -
469                   83           529           518     529782584 e c -
470                   84           576           537     530248772 e c -
471                   83           541           522     529912346 e c -
472                   85           566           552     530183546 e c -
473                   15           537           509     529240268 - - r
474                   85           536           522     529871282 e c -
475                   27           547           521     529445894 - c -
476                    9           526           449     529082978 e - -
477                   85           582           565     530336432 e c -
478                   83           572           561     530246186 e c -
479                   24           545           533     529394534 e c -
480                   84           534           516     529841216 e c -
481                   32           500           467     529035416 e - -
482                   18           544           485     529323530 e - -
483                   29           547           525     529458296 e c -
484                   82           566           554     530168300 e c -
