
Configuring for:
  hash table:       85312000 bases.
  read stream:    1000000000 bases.


       Raw          Raw  Corrected    Corrected    Trimmed      Trimmed
     Reads        Bases      Reads        Bases      Reads        Bases
---------- ------------ ---------- ------------ ---------- ------------
         0            0          1         1227          0            0
         0            0          2         2681          0            0
         0            0          3         3688          0            0
         0            0          4         4995          0            0
         0            0          5         6402          0            0
         0            0          6         7461          0            0
         0            0          7         8765          0            0
         0            0          8         9903          0            0
         0            0          9        11111          0            0
         0            0         10        12254          0            0
         0            0         11        14209          0            0
         0            0         12        15552          0            0
         0            0         13        17387          0            0
         0            0         14        18689          0            0
         0            0         15        19742          0            0
---------- ------------ ---------- ------------ ---------- ------------
         0            0         15        19742          0            0

  Job       Hash Range        # Reads      # Bases      Stream Range        # Reads      # Bases
----- --------------------- --------- ------------  --------------------- --------- ------------
    1          1-15                15        19757           1-15                15        19757
