Computing 4 segments using 4 threads and 0MB memory (0MB if in one batch).
  numMersActual      = 19428
  mersPerBatch       = 4857
  basesPerBatch      = 4936
  numBuckets         = 512 (9 bits)
  bucketPointerWidth = 13
  merDataWidth       = 35
Computing segment 1 of 4.
 Allocating 0MB for bucket pointer table (13 bits wide).
 Allocating 0MB for counting the size of each bucket.
Computing segment 3 of 4.
 Allocating 0MB for bucket pointer table (13 bits wide).
Computing segment 4 of 4.
 Allocating 0MB for bucket pointer table (13 bits wide).
 Allocating 0MB for counting the size of each bucket.
 Allocating 0MB for counting the size of each bucket.
Computing segment 2 of 4.
 Allocating 0MB for bucket pointer table (13 bits wide).
 Allocating 0MB for counting the size of each bucket.
 Creating bucket pointers.
 Releasing 0MB from counting the size of each bucket.
 Allocating 0MB for mer storage (35 bits wide).
 Creating bucket pointers.
 Releasing 0MB from counting the size of each bucket.
 Allocating 0MB for mer storage (35 bits wide).
 Creating bucket pointers.
 Releasing 0MB from counting the size of each bucket.
 Allocating 0MB for mer storage (35 bits wide).
 Creating bucket pointers.
 Releasing 0MB from counting the size of each bucket.
 Allocating 0MB for mer storage (35 bits wide).
Segment 3 finished.
Segment 0 finished.
Segment 2 finished.
Segment 1 finished.
Merge results.
Can fit 2681264020 mers into table with prefix of 25 bits, using 6553.000MB (0.000MB for positions)
